06-15 21:56:17 com_github_MitjaNemec_PlaceFootprints.action_place_footprints 656:Plugin executed on: 'win32'
06-15 21:56:17 com_github_MitjaNemec_PlaceFootprints.action_place_footprints 657:Plugin executed with python version: '3.11.5 (main, Dec 24 2024, 05:27:06) [MSC v.1942 64 bit (AMD64)]'
06-15 21:56:17 com_github_MitjaNemec_PlaceFootprints.action_place_footprints 658:KiCad build version: 8.0.8
06-15 21:56:17 com_github_MitjaNemec_PlaceFootprints.action_place_footprints 659:Plugin version: 3.0.1
06-15 21:56:17 com_github_MitjaNemec_PlaceFootprints.action_place_footprints 660:Frame repr: <wx._core.Frame object at 0x0000017479E7FC70>
06-15 21:56:17 com_github_MitjaNemec_PlaceFootprints.place_footprints 121:getting a list of all footprints on board
06-15 21:56:17 com_github_MitjaNemec_PlaceFootprints.place_footprints 156:Footprint D1 on root level
06-15 21:56:17 com_github_MitjaNemec_PlaceFootprints.place_footprints 156:Footprint J1 on root level
06-15 21:56:17 com_github_MitjaNemec_PlaceFootprints.place_footprints 156:Footprint D2 on root level
06-15 21:56:17 com_github_MitjaNemec_PlaceFootprints.place_footprints 156:Footprint D7 on root level
06-15 21:56:17 com_github_MitjaNemec_PlaceFootprints.place_footprints 156:Footprint D3 on root level
06-15 21:56:17 com_github_MitjaNemec_PlaceFootprints.place_footprints 156:Footprint D4 on root level
06-15 21:56:17 com_github_MitjaNemec_PlaceFootprints.place_footprints 156:Footprint D5 on root level
06-15 21:56:17 com_github_MitjaNemec_PlaceFootprints.place_footprints 156:Footprint D8 on root level
06-15 21:56:17 com_github_MitjaNemec_PlaceFootprints.place_footprints 156:Footprint D6 on root level
06-15 21:56:17 com_github_MitjaNemec_PlaceFootprints.place_footprints 156:Footprint R2 on root level
06-15 21:56:17 com_github_MitjaNemec_PlaceFootprints.place_footprints 156:Footprint R1 on root level
06-15 21:56:17 com_github_MitjaNemec_PlaceFootprints.place_footprints 156:Footprint Q2 on root level
06-15 21:56:17 com_github_MitjaNemec_PlaceFootprints.action_place_footprints 699:Reference footprint='D1'
06-15 21:56:19 com_github_MitjaNemec_PlaceFootprints.action_place_footprints 840:Reference designator is: D
06-15 21:56:19 com_github_MitjaNemec_PlaceFootprints.action_place_footprints 841:Reference number is: 1
06-15 21:56:19 com_github_MitjaNemec_PlaceFootprints.action_place_footprints 873:Sorted and filtered list:
['D1', 'D2', 'D3', 'D4', 'D5', 'D6', 'D7', 'D8']
06-15 21:56:19 com_github_MitjaNemec_PlaceFootprints.action_place_footprints 368:wx.Colour(240, 240, 240, 255)
06-15 21:56:20 com_github_MitjaNemec_PlaceFootprints.action_place_footprints 499:'27.5'
06-15 21:56:20 com_github_MitjaNemec_PlaceFootprints.action_place_footprints 551:Preparing config for reference circular
06-15 21:56:20 com_github_MitjaNemec_PlaceFootprints.action_place_footprints 565:Saving config file
06-15 21:56:20 com_github_MitjaNemec_PlaceFootprints.action_place_footprints 567:Saved the config file
06-15 21:56:20 com_github_MitjaNemec_PlaceFootprints.action_place_footprints 911:Footprints to place:
['D1', 'D2', 'D3', 'D4', 'D5', 'D6', 'D7', 'D8']
06-15 21:56:20 com_github_MitjaNemec_PlaceFootprints.place_footprints 359:Starting placing with circular layout
06-15 21:56:20 com_github_MitjaNemec_PlaceFootprints.place_footprints 369:reference footprint position at: VECTOR2I(211910000, 27375736)
06-15 21:56:20 com_github_MitjaNemec_PlaceFootprints.place_footprints 374:rotation center at: (211910000, 54875736.0)
06-15 21:56:20 com_github_MitjaNemec_PlaceFootprints.action_place_footprints 926:Placing complete
